{
  "RSpec": {
    "coverage": {
      "/Users/user/Projects/ATC/tavern/app/helpers/application_helper.rb": [
        1,
        1,
        0,
        null,
        null
      ],
      "/Users/user/Projects/ATC/tavern/app/helpers/registries_helper.rb": [
        1,
        null
      ],
      "/Users/user/Projects/ATC/tavern/app/helpers/welcome_helper.rb": [
        1,
        null
      ],
      "/Users/user/Projects/ATC/tavern/app/controllers/registries_controller.rb": [
        1,
        1,
        null,
        1,
        1,
        null,
        1,
        1,
        1,
        null,
        null,
        1,
        1,
        null,
        null,
        1,
        1,
        1,
        null,
        null,
        1,
        null,
        null,
        1,
        5,
        5,
        8,
        null,
        null,
        1,
        4,
        6,
        null,
        null,
        1,
        2,
        2,
        null,
        null,
        1,
        1,
        8,
        null,
        null,
        1,
        9,
        null,
        null
      ],
      "/Users/user/Projects/ATC/tavern/app/controllers/application_controller.rb": [
        1,
        null,
        null,
        1,
        null
      ],
      "/Users/user/Projects/ATC/tavern/app/controllers/welcome_controller.rb": [
        1,
        1,
        null,
        null
      ],
      "/Users/user/Projects/ATC/tavern/app/models/project.rb": [
        1,
        null
      ],
      "/Users/user/Projects/ATC/tavern/app/models/registry.rb": [
        1,
        1,
        null
      ],
      "/Users/user/Projects/ATC/tavern/app/models/release.rb": [
        1,
        null
      ]
    },
    "timestamp": 1411389767
  }
}
